[debug] [2021-08-01T04:37:19.057Z] ----------------------------------------------------------------------
[debug] [2021-08-01T04:37:19.059Z] Command:       C:\Program Files\nodejs\node.exe C:\Users\Mauricio\AppData\Roaming\npm\node_modules\firebase-tools\lib\bin\firebase.js init
[debug] [2021-08-01T04:37:19.060Z] CLI Version:   9.16.0
[debug] [2021-08-01T04:37:19.060Z] Platform:      win32
[debug] [2021-08-01T04:37:19.060Z] Node Version:  v14.15.4
[debug] [2021-08-01T04:37:19.062Z] Time:          Sat Jul 31 2021 23:37:19 GMT-0500 (hora de verano central)
[debug] [2021-08-01T04:37:19.062Z] ----------------------------------------------------------------------
[debug] 
[debug] [2021-08-01T04:37:19.071Z] > command requires scopes: ["email","openid","https://www.googleapis.com/auth/cloudplatformprojects.readonly","https://www.googleapis.com/auth/firebase","https://www.googleapis.com/auth/cloud-platform"]
[debug] [2021-08-01T04:37:19.071Z] > authorizing via signed-in user (maubamador@gmail.com)
[info] 
     ######## #### ########  ######## ########     ###     ######  ########
     ##        ##  ##     ## ##       ##     ##  ##   ##  ##       ##
     ######    ##  ########  ######   ########  #########  ######  ######
     ##        ##  ##    ##  ##       ##     ## ##     ##       ## ##
     ##       #### ##     ## ######## ########  ##     ##  ######  ########

You're about to initialize a Firebase project in this directory:

  C:\Users\Mauricio\OneDrive\Escritorio\korodent-page-node

[info] 
=== Project Setup
[info] 
[info] First, let's associate this project directory with a Firebase project.
[info] You can create multiple project aliases by running firebase use --add, 
[info] but for now we'll just set up a default project.
[info] 
[debug] [2021-08-01T04:38:20.412Z] >>> [apiv2][query] GET https://firebase.googleapis.com/v1beta1/projects pageSize=100
[debug] [2021-08-01T04:38:20.685Z] <<< [apiv2][status] GET https://firebase.googleapis.com/v1beta1/projects 200
[debug] [2021-08-01T04:38:20.686Z] <<< [apiv2][body] GET https://firebase.googleapis.com/v1beta1/projects [omitted]
[info] i  Using project korodent-b124e (Korodent) 
[info] 
=== Hosting Setup
[info] 
[info] Your public directory is the folder (relative to your project directory) that
[info] will contain Hosting assets to be uploaded with firebase deploy. If you
[info] have a build process for your assets, use your build's output directory.
[info] 
[debug] [2021-08-01T04:39:08.920Z] >>> [apiv2][query] GET https://www.gstatic.com/firebasejs/releases.json [none]
[debug] [2021-08-01T04:39:09.023Z] <<< [apiv2][status] GET https://www.gstatic.com/firebasejs/releases.json 200
[debug] [2021-08-01T04:39:09.024Z] <<< [apiv2][body] GET https://www.gstatic.com/firebasejs/releases.json {"current":{"version":"8.8.1","browserURL":"https://www.gstatic.com/firebasejs/8.8.1/firebase.js","packageURL":"https://www.gstatic.com/firebasejs/8.8.1/firebase.tgz"},"live":{"version":"8.8","browserURL":"https://www.gstatic.com/firebasejs/live/8.8/firebase.js","packageURL":"https://www.gstatic.com/firebasejs/live/8.8/firebase.tgz"},"components":{"analytics":"https://www.gstatic.com/firebasejs/8.8.1/firebase-analytics.js","app":"https://www.gstatic.com/firebasejs/8.8.1/firebase-app.js","app-check":"https://www.gstatic.com/firebasejs/8.8.1/firebase-app-check.js","auth":"https://www.gstatic.com/firebasejs/8.8.1/firebase-auth.js","database":"https://www.gstatic.com/firebasejs/8.8.1/firebase-database.js","firestore":"https://www.gstatic.com/firebasejs/8.8.1/firebase-firestore.js","functions":"https://www.gstatic.com/firebasejs/8.8.1/firebase-functions.js","installations":"https://www.gstatic.com/firebasejs/8.8.1/firebase-installations.js","messaging":"https://www.gstatic.com/firebasejs/8.8.1/firebase-messaging.js","storage":"https://www.gstatic.com/firebasejs/8.8.1/firebase-storage.js","performance":"https://www.gstatic.com/firebasejs/8.8.1/firebase-performance.js","remote-config":"https://www.gstatic.com/firebasejs/8.8.1/firebase-remote-config.js","firestore.memory":"https://www.gstatic.com/firebasejs/8.8.1/firebase-firestore.memory.js"}}
[info] +  Wrote public/index.html 
[info] 
[info] i  Didn't detect a .git folder. Assuming C:\Users\Mauricio\OneDrive\Escritorio\korodent-page-node is the project root. 
[info] i  Authorizing with GitHub to upload your service account to a GitHub repository's secrets store. 
[info] 
[info] Visit this URL on this device to log in:
[info] https://github.com/login/oauth/authorize?client_id=89cf50f02ac6aaed3484&state=317766377&redirect_uri=http%3A%2F%2Flocalhost%3A9005&scope=read%3Auser%20repo%20public_repo
[info] 
[info] Waiting for authentication...
[debug] [2021-08-01T04:40:10.904Z] >>> HTTP REQUEST POST https://github.com/login/oauth/access_token  
 {"client_id":"89cf50f02ac6aaed3484","client_secret":"3330d14abc895d9a74d5f17cd7a00711fa2c5bf0","code":"216553b50cd9c262d35b","redirect_uri":"http://localhost:9005","state":"317766377"}
[debug] [2021-08-01T04:40:11.351Z] <<< HTTP RESPONSE 200 {"server":"GitHub.com","date":"Sun, 01 Aug 2021 04:40:11 GMT","content-type":"application/json; charset=utf-8","transfer-encoding":"chunked","vary":"X-PJAX, Accept-Encoding, Accept, X-Requested-With","permissions-policy":"interest-cohort=()","etag":"W/\"8428678489420597212e47c859808da8\"","cache-control":"max-age=0, private, must-revalidate","strict-transport-security":"max-age=31536000; includeSubdomains; preload","x-frame-options":"deny","x-content-type-options":"nosniff","x-xss-protection":"0","referrer-policy":"origin-when-cross-origin, strict-origin-when-cross-origin","expect-ct":"max-age=2592000, report-uri=\"https://api.github.com/_private/browser/errors\"","content-security-policy":"default-src 'none'; base-uri 'self'; block-all-mixed-content; connect-src 'self' uploads.github.com www.githubstatus.com collector.githubapp.com api.github.com github-cloud.s3.amazonaws.com github-production-repository-file-5c1aeb.s3.amazonaws.com github-production-upload-manifest-file-7fdce7.s3.amazonaws.com github-production-user-asset-6210df.s3.amazonaws.com cdn.optimizely.com logx.optimizely.com/v1/events translator.github.com wss://alive.github.com; font-src github.githubassets.com; form-action 'self' github.com gist.github.com; frame-ancestors 'none'; frame-src render.githubusercontent.com render-temp.githubusercontent.com viewscreen.githubusercontent.com; img-src 'self' data: github.githubassets.com identicons.github.com collector.githubapp.com github-cloud.s3.amazonaws.com secured-user-images.githubusercontent.com/ *.githubusercontent.com; manifest-src 'self'; media-src 'none'; script-src github.githubassets.com; style-src 'unsafe-inline' github.githubassets.com; worker-src github.com/socket-worker-3f088aa2.js gist.github.com/socket-worker-3f088aa2.js","x-github-request-id":"441B:331A:1E7DC05:2B51BB1:610625AB"}
[debug] [2021-08-01T04:40:11.362Z] >>> [apiv2][query] GET https://api.github.com/user [none]
[debug] [2021-08-01T04:40:12.058Z] <<< [apiv2][status] GET https://api.github.com/user 200
[debug] [2021-08-01T04:40:12.058Z] <<< [apiv2][body] GET https://api.github.com/user {"login":"maubamador","id":66579121,"node_id":"MDQ6VXNlcjY2NTc5MTIx","avatar_url":"https://avatars.githubusercontent.com/u/66579121?v=4","gravatar_id":"","url":"https://api.github.com/users/maubamador","html_url":"https://github.com/maubamador","followers_url":"https://api.github.com/users/maubamador/followers","following_url":"https://api.github.com/users/maubamador/following{/other_user}","gists_url":"https://api.github.com/users/maubamador/gists{/gist_id}","starred_url":"https://api.github.com/users/maubamador/starred{/owner}{/repo}","subscriptions_url":"https://api.github.com/users/maubamador/subscriptions","organizations_url":"https://api.github.com/users/maubamador/orgs","repos_url":"https://api.github.com/users/maubamador/repos","events_url":"https://api.github.com/users/maubamador/events{/privacy}","received_events_url":"https://api.github.com/users/maubamador/received_events","type":"User","site_admin":false,"name":null,"company":null,"blog":"","location":null,"email":null,"hireable":null,"bio":null,"twitter_username":null,"public_repos":4,"public_gists":0,"followers":0,"following":0,"created_at":"2020-06-08T01:37:06Z","updated_at":"2021-08-01T04:39:32Z","private_gists":0,"total_private_repos":1,"owned_private_repos":1,"disk_usage":3528,"collaborators":0,"two_factor_authentication":false,"plan":{"name":"free","space":976562499,"collaborators":0,"private_repos":10000}}
[info] 
[info] +  Success! Logged into GitHub as maubamador 
[info] 
